This file contains any messages produced by compilers while
running configure, to aid debugging if configure makes a mistake.

It was created by linux nfs-utils configure 1.2.4, which was
generated by GNU Autoconf 2.68.  Invocation command line was

  $ ./configure --disable-gss

## --------- ##
## Platform. ##
## --------- ##

hostname = bighat.bos.devel.redhat.com
uname -m = x86_64
uname -r = 2.6.38.8-32.fc15.x86_64
uname -s = Linux
uname -v = #1 SMP Mon Jun 13 19:49:05 UTC 2011

/usr/bin/uname -p = unknown
/bin/uname -X     = unknown

/bin/arch              = x86_64
/usr/bin/arch -k       = unknown
/usr/convex/getsysinfo = unknown
/usr/bin/hostinfo      = unknown
/bin/machine           = unknown
/usr/bin/oslevel       = unknown
/bin/universe          = unknown

PATH: /usr/lib64/qt-3.3/bin
PATH: /usr/local/bin
PATH: /bin
PATH: /usr/bin
PATH: /usr/local/sbin
PATH: /usr/sbin
PATH: /sbin
PATH: /sbin
PATH: /usr/sbin
PATH: /usr/local/bin
PATH: /usr/local/kde/bin
PATH: /home/steved/bin
PATH: /home/steved/bin
PATH: /usr/libexec/git-core/


## ----------- ##
## Core tests. ##
## ----------- ##

configure:2767: checking build system type
configure:2781: result: x86_64-unknown-linux-gnu
configure:2801: checking host system type
configure:2814: result: x86_64-unknown-linux-gnu
configure:2851: checking for a BSD-compatible install
configure:2919: result: /usr/bin/install -c
configure:2930: checking whether build environment is sane
configure:2980: result: yes
configure:3121: checking for a thread-safe mkdir -p
configure:3160: result: /bin/mkdir -p
configure:3173: checking for gawk
configure:3189: found /bin/gawk
configure:3200: result: gawk
configure:3211: checking whether make sets $(MAKE)
configure:3233: result: yes
configure:3316: checking whether to enable maintainer-specific portions of Makefiles
configure:3325: result: no
configure:3641: checking for style of include used by make
configure:3669: result: GNU
configure:3739: checking for gcc
configure:3755: found /usr/bin/gcc
configure:3766: result: gcc
configure:3995: checking for C compiler version
configure:4004: gcc --version >&5
gcc (GCC) 4.6.0 20110530 (Red Hat 4.6.0-9)
Copyright (C) 2011 Free Software Foundation, Inc.
This is free software; see the source for copying conditions.  There is NO
warranty; not even for MERCHANTABILITY or FITNESS FOR A PARTICULAR PURPOSE.

configure:4015: $? = 0
configure:4004: gcc -v >&5
Using built-in specs.
COLLECT_GCC=gcc
COLLECT_LTO_WRAPPER=/usr/libexec/gcc/x86_64-redhat-linux/4.6.0/lto-wrapper
Target: x86_64-redhat-linux
Configured with: ../configure --prefix=/usr --mandir=/usr/share/man --infodir=/usr/share/info --with-bugurl=http://bugzilla.redhat.com/bugzilla --enable-bootstrap --enable-shared --enable-threads=posix --enable-checking=release --with-system-zlib --enable-__cxa_atexit --disable-libunwind-exceptions --enable-gnu-unique-object --enable-linker-build-id --enable-languages=c,c++,objc,obj-c++,java,fortran,ada,go,lto --enable-plugin --enable-java-awt=gtk --disable-dssi --with-java-home=/usr/lib/jvm/java-1.5.0-gcj-1.5.0.0/jre --enable-libgcj-multifile --enable-java-maintainer-mode --with-ecj-jar=/usr/share/java/eclipse-ecj.jar --disable-libjava-multilib --with-ppl --with-cloog --with-tune=generic --with-arch_32=i686 --build=x86_64-redhat-linux
Thread model: posix
gcc version 4.6.0 20110530 (Red Hat 4.6.0-9) (GCC) 
configure:4015: $? = 0
configure:4004: gcc -V >&5
gcc: error: unrecognized option '-V'
gcc: fatal error: no input files
compilation terminated.
configure:4015: $? = 4
configure:4004: gcc -qversion >&5
gcc: error: unrecognized option '-qversion'
gcc: fatal error: no input files
compilation terminated.
configure:4015: $? = 4
configure:4035: checking whether the C compiler works
configure:4057: gcc    conftest.c  >&5
configure:4061: $? = 0
configure:4109: result: yes
configure:4112: checking for C compiler default output file name
configure:4114: result: a.out
configure:4120: checking for suffix of executables
configure:4127: gcc -o conftest    conftest.c  >&5
configure:4131: $? = 0
configure:4153: result: 
configure:4175: checking whether we are cross compiling
configure:4183: gcc -o conftest    conftest.c  >&5
configure:4187: $? = 0
configure:4194: ./conftest
configure:4198: $? = 0
configure:4213: result: no
configure:4218: checking for suffix of object files
configure:4240: gcc -c   conftest.c >&5
configure:4244: $? = 0
configure:4265: result: o
configure:4269: checking whether we are using the GNU C compiler
configure:4288: gcc -c   conftest.c >&5
configure:4288: $? = 0
configure:4297: result: yes
configure:4306: checking whether gcc accepts -g
configure:4326: gcc -c -g  conftest.c >&5
configure:4326: $? = 0
configure:4367: result: yes
configure:4384: checking for gcc option to accept ISO C89
configure:4448: gcc  -c -g -O2  conftest.c >&5
configure:4448: $? = 0
configure:4461: result: none needed
configure:4483: checking dependency style of gcc
configure:4593: result: gcc3
configure:4614: checking how to run the C preprocessor
configure:4645: gcc -E  conftest.c
configure:4645: $? = 0
configure:4659: gcc -E  conftest.c
conftest.c:14:28: fatal error: ac_nonexistent.h: No such file or directory
compilation terminated.
configure:4659: $? = 1
configure: failed program was:
| /* confdefs.h */
| #define PACKAGE_NAME "linux nfs-utils"
| #define PACKAGE_TARNAME "nfs-utils"
| #define PACKAGE_VERSION "1.2.4"
| #define PACKAGE_STRING "linux nfs-utils 1.2.4"
| #define PACKAGE_BUGREPORT "linux-nfs@vger.kernel.org"
| #define PACKAGE_URL ""
| #define PACKAGE "nfs-utils"
| #define VERSION "1.2.4"
| #define START_STATD "/usr/sbin/start-statd"
| #define NFS3_SUPPORTED 1
| #define NFS4_SUPPORTED 1
| /* end confdefs.h.  */
| #include <ac_nonexistent.h>
configure:4684: result: gcc -E
configure:4704: gcc -E  conftest.c
configure:4704: $? = 0
configure:4718: gcc -E  conftest.c
conftest.c:14:28: fatal error: ac_nonexistent.h: No such file or directory
compilation terminated.
configure:4718: $? = 1
configure: failed program was:
| /* confdefs.h */
| #define PACKAGE_NAME "linux nfs-utils"
| #define PACKAGE_TARNAME "nfs-utils"
| #define PACKAGE_VERSION "1.2.4"
| #define PACKAGE_STRING "linux nfs-utils 1.2.4"
| #define PACKAGE_BUGREPORT "linux-nfs@vger.kernel.org"
| #define PACKAGE_URL ""
| #define PACKAGE "nfs-utils"
| #define VERSION "1.2.4"
| #define START_STATD "/usr/sbin/start-statd"
| #define NFS3_SUPPORTED 1
| #define NFS4_SUPPORTED 1
| /* end confdefs.h.  */
| #include <ac_nonexistent.h>
configure:4747: checking for grep that handles long lines and -e
configure:4805: result: /bin/grep
configure:4810: checking for egrep
configure:4872: result: /bin/grep -E
configure:4877: checking for ANSI C header files
configure:4897: gcc -c -g -O2  conftest.c >&5

## ---------------- ##
## Cache variables. ##
## ---------------- ##

ac_cv_build=x86_64-unknown-linux-gnu
ac_cv_c_compiler_gnu=yes
ac_cv_env_CCC_set=
ac_cv_env_CCC_value=
ac_cv_env_CC_set=
ac_cv_env_CC_value=
ac_cv_env_CFLAGS_set=
ac_cv_env_CFLAGS_value=
ac_cv_env_CPPFLAGS_set=
ac_cv_env_CPPFLAGS_value=
ac_cv_env_CPP_set=
ac_cv_env_CPP_value=
ac_cv_env_CXXCPP_set=
ac_cv_env_CXXCPP_value=
ac_cv_env_CXXFLAGS_set=
ac_cv_env_CXXFLAGS_value=
ac_cv_env_CXX_set=
ac_cv_env_CXX_value=
ac_cv_env_GSSGLUE_CFLAGS_set=
ac_cv_env_GSSGLUE_CFLAGS_value=
ac_cv_env_GSSGLUE_LIBS_set=
ac_cv_env_GSSGLUE_LIBS_value=
ac_cv_env_LDFLAGS_set=
ac_cv_env_LDFLAGS_value=
ac_cv_env_LIBS_set=
ac_cv_env_LIBS_value=
ac_cv_env_PKG_CONFIG_LIBDIR_set=
ac_cv_env_PKG_CONFIG_LIBDIR_value=
ac_cv_env_PKG_CONFIG_PATH_set=
ac_cv_env_PKG_CONFIG_PATH_value=
ac_cv_env_PKG_CONFIG_set=
ac_cv_env_PKG_CONFIG_value=
ac_cv_env_RPCSECGSS_CFLAGS_set=
ac_cv_env_RPCSECGSS_CFLAGS_value=
ac_cv_env_RPCSECGSS_LIBS_set=
ac_cv_env_RPCSECGSS_LIBS_value=
ac_cv_env_build_alias_set=
ac_cv_env_build_alias_value=
ac_cv_env_host_alias_set=
ac_cv_env_host_alias_value=
ac_cv_env_target_alias_set=
ac_cv_env_target_alias_value=
ac_cv_host=x86_64-unknown-linux-gnu
ac_cv_objext=o
ac_cv_path_EGREP='/bin/grep -E'
ac_cv_path_GREP=/bin/grep
ac_cv_path_install='/usr/bin/install -c'
ac_cv_path_mkdir=/bin/mkdir
ac_cv_prog_AWK=gawk
ac_cv_prog_CPP='gcc -E'
ac_cv_prog_ac_ct_CC=gcc
ac_cv_prog_cc_c89=
ac_cv_prog_cc_g=yes
ac_cv_prog_make_make_set=yes
am_cv_CC_dependencies_compiler_type=gcc3

## ----------------- ##
## Output variables. ##
## ----------------- ##

ACLOCAL='${SHELL} /tmp/nfs-utils-1.2.4/missing --run aclocal-1.11'
ACLOCAL_AMFLAGS=''
ALLOCA=''
AMDEPBACKSLASH='\'
AMDEP_FALSE='#'
AMDEP_TRUE=''
AMTAR='${SHELL} /tmp/nfs-utils-1.2.4/missing --run tar'
AM_CFLAGS=''
AM_CPPFLAGS=''
AR=''
AUTOCONF='${SHELL} /tmp/nfs-utils-1.2.4/missing --run autoconf'
AUTOHEADER='${SHELL} /tmp/nfs-utils-1.2.4/missing --run autoheader'
AUTOMAKE='${SHELL} /tmp/nfs-utils-1.2.4/missing --run automake-1.11'
AWK='gawk'
CC='gcc'
CCDEPMODE='depmode=gcc3'
CC_FOR_BUILD=''
CFLAGS='-g -O2'
CFLAGS_FOR_BUILD=''
CONFIG_GSS_FALSE=''
CONFIG_GSS_TRUE='#'
CONFIG_IPV6_FALSE=''
CONFIG_IPV6_TRUE='#'
CONFIG_LIBMOUNT_FALSE=''
CONFIG_LIBMOUNT_TRUE=''
CONFIG_MOUNT_FALSE='#'
CONFIG_MOUNT_TRUE=''
CONFIG_NFSIDMAP_FALSE=''
CONFIG_NFSIDMAP_TRUE=''
CONFIG_NFSV41_FALSE=''
CONFIG_NFSV41_TRUE='#'
CONFIG_NFSV4_FALSE='#'
CONFIG_NFSV4_TRUE=''
CONFIG_RPCGEN_FALSE=''
CONFIG_RPCGEN_TRUE='#'
CPP='gcc -E'
CPPFLAGS=''
CPPFLAGS_FOR_BUILD=''
CXX=''
CXXCPP=''
CXXDEPMODE=''
CXXFLAGS=''
CXXFLAGS_FOR_BUILD=''
CYGPATH_W='echo'
DEFS=''
DEPDIR='.deps'
DLLTOOL=''
DSYMUTIL=''
DUMPBIN=''
ECHO_C=''
ECHO_N='-n'
ECHO_T=''
EGREP='/bin/grep -E'
EXEEXT=''
FGREP=''
GREP='/bin/grep'
GSSD=''
GSSGLUE_CFLAGS=''
GSSGLUE_LIBS=''
HAVE_LIBWRAP=''
HAVE_TCP_WRAPPER=''
IDMAPD='idmapd'
INSTALL_DATA='${INSTALL} -m 644'
INSTALL_PROGRAM='${INSTALL}'
INSTALL_SCRIPT='${INSTALL}'
INSTALL_STRIP_PROGRAM='$(install_sh) -c -s'
K5VERS=''
KRBCFLAGS=''
KRBDIR=''
KRBLDFLAGS=''
KRBLIBS=''
LD=''
LDFLAGS=''
LDFLAGS_FOR_BUILD=''
LIBBLKID=''
LIBBSD=''
LIBCAP=''
LIBCRYPT=''
LIBKEYUTILS=''
LIBMOUNT=''
LIBNSL=''
LIBOBJS=''
LIBS=''
LIBSOCKET=''
LIBTOOL=''
LIBWRAP=''
LIPO=''
LN_S=''
LTLIBOBJS=''
MAINT='#'
MAINTAINER_MODE_FALSE=''
MAINTAINER_MODE_TRUE='#'
MAKEINFO='${SHELL} /tmp/nfs-utils-1.2.4/missing --run makeinfo'
MANIFEST_TOOL=''
MKDIR_P='/bin/mkdir -p'
MOUNT_CONFIG_FALSE=''
MOUNT_CONFIG_TRUE='#'
NM=''
NMEDIT=''
OBJDUMP=''
OBJEXT='o'
OTOOL64=''
OTOOL=''
PACKAGE='nfs-utils'
PACKAGE_BUGREPORT='linux-nfs@vger.kernel.org'
PACKAGE_NAME='linux nfs-utils'
PACKAGE_STRING='linux nfs-utils 1.2.4'
PACKAGE_TARNAME='nfs-utils'
PACKAGE_URL=''
PACKAGE_VERSION='1.2.4'
PATH_SEPARATOR=':'
PKG_CONFIG=''
PKG_CONFIG_LIBDIR=''
PKG_CONFIG_PATH=''
RANLIB=''
RELEASE='1'
RPCGEN_PATH='/usr/bin/rpcgen'
RPCSECGSS_CFLAGS=''
RPCSECGSS_LIBS=''
SED=''
SET_MAKE=''
SHELL='/bin/sh'
STRIP=''
SVCGSSD=''
VERSION='1.2.4'
ac_ct_AR=''
ac_ct_CC='gcc'
ac_ct_CXX=''
ac_ct_DUMPBIN=''
am__EXEEXT_FALSE=''
am__EXEEXT_TRUE=''
am__fastdepCC_FALSE='#'
am__fastdepCC_TRUE=''
am__fastdepCXX_FALSE=''
am__fastdepCXX_TRUE=''
am__include='include'
am__isrc=''
am__leading_dot='.'
am__quote=''
am__tar='${AMTAR} chof - "$$tardir"'
am__untar='${AMTAR} xf -'
bindir='${exec_prefix}/bin'
build='x86_64-unknown-linux-gnu'
build_alias=''
build_cpu='x86_64'
build_os='linux-gnu'
build_vendor='unknown'
datadir='${datarootdir}'
datarootdir='${prefix}/share'
docdir='${datarootdir}/doc/${PACKAGE_TARNAME}'
dvidir='${docdir}'
enable_gss=''
enable_ipv6=''
enable_mountconfig=''
enable_nfsv3='yes'
enable_nfsv41=''
enable_nfsv4='yes'
exec_prefix='NONE'
host='x86_64-unknown-linux-gnu'
host_alias=''
host_cpu='x86_64'
host_os='linux-gnu'
host_vendor='unknown'
htmldir='${docdir}'
includedir='${prefix}/include'
infodir='${datarootdir}/info'
install_sh='${SHELL} /tmp/nfs-utils-1.2.4/install-sh'
kprefix=''
libdir='${exec_prefix}/lib'
libexecdir='${exec_prefix}/libexec'
localedir='${datarootdir}/locale'
localstatedir='${prefix}/var'
mandir='${datarootdir}/man'
mkdir_p='/bin/mkdir -p'
mountfile=''
oldincludedir='/usr/include'
pdfdir='${docdir}'
prefix='NONE'
program_transform_name='s,x,x,'
psdir='${docdir}'
sbindir='${exec_prefix}/sbin'
sharedstatedir='${prefix}/com'
startstatd='/usr/sbin/start-statd'
statduser='rpcuser'
statedir='/var/lib/nfs'
sysconfdir='${prefix}/etc'
target_alias=''

## ----------- ##
## confdefs.h. ##
## ----------- ##

/* confdefs.h */
#define PACKAGE_NAME "linux nfs-utils"
#define PACKAGE_TARNAME "nfs-utils"
#define PACKAGE_VERSION "1.2.4"
#define PACKAGE_STRING "linux nfs-utils 1.2.4"
#define PACKAGE_BUGREPORT "linux-nfs@vger.kernel.org"
#define PACKAGE_URL ""
#define PACKAGE "nfs-utils"
#define VERSION "1.2.4"
#define START_STATD "/usr/sbin/start-statd"
#define NFS3_SUPPORTED 1
#define NFS4_SUPPORTED 1

configure: caught signal 2
configure: exit 1
